1579076390456	geckodriver	INFO	Listening on 127.0.0.1:31263
1579076392586	mozprofile::profile	INFO	Using profile path C:\TMP\rust_mozprofile.nvFhVRcbVSvW
1579076392601	geckodriver::marionette	INFO	Starting browser C:\Program Files (x86)\Mozilla Firefox\firefox.exe with args []
1579076392631	geckodriver::marionette	INFO	Connecting to Marionette on localhost:31269
JavaScript error: chrome://browser/content/urlbarBindings.xml, line 674: aUrl is undefined
1579076740815	geckodriver	INFO	Listening on 127.0.0.1:31310
1579076742933	mozprofile::profile	INFO	Using profile path C:\TMP\rust_mozprofile.5sYC2iCATc8v
1579076742950	geckodriver::marionette	INFO	Starting browser C:\Program Files (x86)\Mozilla Firefox\firefox.exe with args []
1579076742978	geckodriver::marionette	INFO	Connecting to Marionette on localhost:31316
JavaScript error: chrome://browser/content/urlbarBindings.xml, line 674: aUrl is undefined
JavaScript error: chrome://browser/content/urlbarBindings.xml, line 674: aUrl is undefined
JavaScript error: chrome://browser/content/urlbarBindings.xml, line 674: aUrl is undefined
System JS : ERROR https://zhidao.baidu.com/search?word=33&ct=17&pn=0&pt=monline_ik&tn=ikaslist&rn=10:113 - TypeError: location is null
	Connecting to Marionette on localhost:31350
JavaScript error: chrome://browser/content/urlbarBindings.xml, line 674: aUrl is undefined
JavaScript error: chrome://browser/content/urlbarBindings.xml, line 674: aUrl is undefined
JavaScript warning: https://www.google.com/search?q=Please+read+https%3A%2F%2Fmsg.pyyaml.org%2Fload+for+full+details.self.load_data+%3D+yaml.load%28file%29&ie=utf-8&oe=utf-8&aq=t&rls=org.mozilla:zh-CN:official&client=firefox-beta&channel=fflb, line 19: mutating the [[Prototype]] of an object will cause your code to run very slowly; instead create the object with the correct initial [[Prototype]] value using Object.create
JavaScript warning: https://www.google.com/search?client=firefox-beta&rls=org.mozilla%3Azh-CN%3Aofficial&channel=fflb&ei=0s4eXq35JeKRr7wPkPW3qA4&q=333, line 20: mutating the [[Prototype]] of an object will cause your code to run very slowly; instead create the object with the correct initial [[Prototype]] value using Object.create
JavaScript warning: https://www.google.com/search?client=firefox-beta&rls=org.mozilla%3Azh-CN%3Aofficial&channel=fflb&ei=4c4eXtjZJoW7wAOe4ZmAAw&q=A&oq=A&gs_l=psy-ab.3..0l10.1727.1727..2945...0.0..1.942.2208.5-2j1......0....1..gws-wiz.....0._nLCR08PSxE&ved=0ahUKEwiYzonCmYXnAhWFHXAKHZ5wBjAQ4dUDCAo&uact=5, line 20: mutating the [[Prototype]] of an object will cause your code to run very slowly; instead create the object with the correct initial [[Prototype]] value using Object.create
JavaScript warning: https://www.google.com/search?client=firefox-beta&rls=org.mozilla%3Azh-CN%3Aofficial&channel=fflb&ei=8c4eXvmIGs77-Qagwb_4BQ&q=YAMLLoadWarning%3A+calling+yaml.load%28%29+without+Loader%3D...+is+deprecated%2C+, line 20: mutating the [[Prototype]] of an object will cause your code to run very slowly; instead create the object with the correct initial [[Prototype]] value using Object.create
JavaScript warning: https://csdnimg.cn/public/common/libs/jquery/jquery-1.9.1.min.js, line 1: Using //@ to indicate sourceMappingURL pragmas is deprecated. Use //# instead
JavaScript warning: , line 0: https://csdnimg.cn/public/common/libs/jquery/jquery-1.9.1.min.js is being assigned a //# sourceMappingURL, but already has one
JavaScript error: https://csdnimg.cn/public/common/toolbar/js/content_toolbar.js, line 471: missing ; before statement
JavaScript warning: https://pagead2.googlesyndication.com/pagead/js/adsbygoogle.js, line 8: mutating the [[Prototype]] of an object will cause your code to run very slowly; instead create the object with the correct initial [[Prototype]] value using Object.create
JavaScript warning: , line 0: https://adaccount.csdn.net/static/js/manifest.fcd4f40da19e1f17431f.js is being assigned a //# sourceMappingURL, but already has one
JavaScript warning: , line 0: https://adaccount.csdn.net/static/js/vendor.7de51bb3d42b454786da.js is being assigned a //# sourceMappingURL, but already has one
JavaScript warning: , line 0: https://adaccount.csdn.net/static/js/app.e38b600237a90d40799f.js is being assigned a //# sourceMappingURL, but already has one
JavaScript warning: https://adaccount.csdn.net/static/js/vendor.7de51bb3d42b454786da.js, line 1: mutating the [[Prototype]] of an object will cause your code to run very slowly; instead create the object with the correct initial [[Prototype]] value using Object.create
JavaScript warning: , line 0: https://adaccount.csdn.net/static/js/manifest.fcd4f40da19e1f17431f.js is being assigned a //# sourceMappingURL, but already has one
JavaScript warning: , line 0: https://adaccount.csdn.net/static/js/vendor.7de51bb3d42b454786da.js is being assigned a //# sourceMappingURL, but already has one
JavaScript warning: , line 0: https://adaccount.csdn.net/static/js/manifest.fcd4f40da19e1f17431f.js is being assigned a //# sourceMappingURL, but already has one
JavaScript warning: , line 0: https://adaccount.csdn.net/static/js/vendor.7de51bb3d42b454786da.js is being assigned a //# sourceMappingURL, but already has one
JavaScript error: https://pos.baidu.com/s?hei=52&wid=962&di=u3491668&ltu=https%3A%2F%2Fblog.csdn.net%2Frp517045939%2Farticle%2Fdetails%2F88838417&psi=6762eef04bbb5c476ec4074795135bf5&ant=0&pcs=993x435&dai=1&cmi=65&dtm=HTML_POST&ari=2&cdo=-1&dri=0&ltr=https%3A%2F%2Fwww.google.com%2Furl%3Fsa%3Dt%26rct%3Dj%26q%3D%26esrc%3Ds%26source%3Dweb%26cd%3D3%26ved%3D2ahUKEwiuqrjRmYXnAhVPZt4KHU0aCdcQFjACegQICRAB%26url%3Dhttps%253A%252F%252Fblog.csdn.net%252Frp517045939%252Farticle%252Fdetails%252F88838417%26usg%3DAOvVaw3rMuSETB2fzA0weXJFNlGX&chi=6&prot=2&cfv=0&cce=true&ti=%E5%85%B3%E4%BA%8EYaml%E6%9B%B4%E6%96%B0%E5%B9%B6%E5%BC%83%E7%94%A8yaml.load%EF%BC%88%EF%BC%89%E5%AF%BC%E8%87%B4%E8%80%81%E4%BB%A3%E7%A0%81%E6%8A%A5%E9%94%99%20YAMLLoadWarning%3A%20calling%20yaml.&dis=0&cec=UTF-8&cpl=20&tcn=1579077390&pss=1260x8882&pis=-1x-1&ps=5996x376&cja=true&col=zh-CN&ccd=24&par=1366x728&tlm=1579077386&dc=3&tpr=1579077390462&psr=1366x768&drs=1&exps=111000,110011, line 289: b is not defined
JavaScript warning: , line 0: https://adaccount.csdn.net/static/js/app.e38b600237a90d40799f.js is being assigned a //# sourceMappingURL, but already has one
JavaScript warning: https://adaccount.csdn.net/static/js/vendor.7de51bb3d42b454786da.js, line 1: mutating the [[Prototype]] of an object will cause your code to run very slowly; instead create the object with the correct initial [[Prototype]] value using Object.create
JavaScript warning: , line 0: https://adaccount.csdn.net/static/js/app.e38b600237a90d40799f.js is being assigned a //# sourceMappingURL, but already has one
JavaScript warning: https://adaccount.csdn.net/static/js/vendor.7de51bb3d42b454786da.js, line 1: mutating the [[Prototype]] of an object will cause your code to run very slowly; instead create the object with the correct initial [[Prototype]] value using Object.create
JavaScript error: https://pos.baidu.com/s?hei=52&wid=962&di=u3491668&ltu=https%3A%2F%2Fblog.csdn.net%2Frp517045939%2Farticle%2Fdetails%2F88838417&psi=6762eef04bbb5c476ec4074795135bf5&dri=1&pcs=993x435&pis=-1x-1&cce=true&tlm=1579077386&drs=1&ti=%E5%85%B3%E4%BA%8EYaml%E6%9B%B4%E6%96%B0%E5%B9%B6%E5%BC%83%E7%94%A8yaml.load%EF%BC%88%EF%BC%89%E5%AF%BC%E8%87%B4%E8%80%81%E4%BB%A3%E7%A0%81%E6%8A%A5%E9%94%99%20YAMLLoadWarning%3A%20calling%20yaml.&par=1366x728&dtm=HTML_POST&cfv=0&tcn=1579077390&dis=0&dc=3&chi=6&cpl=20&cmi=65&dai=2&psr=1366x768&cja=true&cec=UTF-8&col=zh-CN&ccd=24&exps=111000,111007,111005,110011&prot=2&cdo=-1&tpr=1579077390462&pss=1260x8941&ps=6468x376&ant=0&ltr=https%3A%2F%2Fwww.google.com%2Furl%3Fsa%3Dt%26rct%3Dj%26q%3D%26esrc%3Ds%26source%3Dweb%26cd%3D3%26ved%3D2ahUKEwiuqrjRmYXnAhVPZt4KHU0aCdcQFjACegQICRAB%26url%3Dhttps%253A%252F%252Fblog.csdn.net%252Frp517045939%252Farticle%252Fdetails%252F88838417%26usg%3DAOvVaw3rMuSETB2fzA0weXJFNlGX&ari=2, line 289: b is not defined
JavaScript error: https://gsp0.baidu.com/yrwHcjSl0MgCo2Kml5_Y_D3/api/customsearch/apiaccept?sid=10742016945123576423&v=2.0&callback=csdn.afterBaiduSearchInit, line 1: syntax error
JavaScript error: https://pos.baidu.com/sckm?conwid=962&conhei=52&rdid=3491668&dc=3&exps=110011&psi=6762eef04bbb5c476ec4074795135bf5&di=u3491668&dri=2&dis=0&dai=4&ps=2373x376&enu=encoding&ant=0&dcb=___adblockplus_&dtm=HTML_POST&dvi=0.0&dci=-1&dpt=none&tsr=0&tpr=1579077390485&ti=%E5%85%B3%E4%BA%8EYaml%E6%9B%B4%E6%96%B0%E5%B9%B6%E5%BC%83%E&ari=2&ver=0108&dbv=0&drs=1&pcs=993x435&pss=1260x8999&cfv=0&cpl=20&chi=6&cce=true&cec=UTF-8&tlm=1579077386&prot=2&rw=452&ltu=https%3A%2F%2Fblog.csdn.net%2Frp517045939%2Farticle%2Fdetails%2F88838417&ltr=https%3A%2F%2Fwww.google.com%2Furl%3Fsa%3Dt%26rct%3Dj%26q%3D%26esrc%3Ds%26source%3Dweb%26cd%3D3%26ved%3D2ahUKEwiuqrjRmYXnAhVPZt4KHU0aCdcQFjACegQICRAB%26url%3Dhttps%253A%252F%252Fblog.csdn.net%252Frp517045939%252Farticle%252Fdetails%252F88838417%26usg%3DAOvVaw3rMuSETB2fzA0weXJFNlGX&lcr=https%3A%2F%2Fwww.google.com%2Furl%3Fsa%3Dt%26rct%3Dj%26q%3D%26esrc%3Ds%26source%3Dweb%26cd%3D3%26ved%3D2ahUKEwiuqrjRmYXnAhVPZt4KHU0aCdcQFjACegQICRAB%26url%3Dhttps%253A%252F%252Fblog.csdn.net%252Frp517045939%252Farticle%252Fdetails%252F88838417%26usg%3DAOvVaw3rMuSETB2fzA0weXJFNlGX&ecd=1&uc=1366x728&pis=-1x-1&sr=1366x768&tcn=1579077390&qn=5e4e59a75437e1b1&tt=1579077390479.10.3769.3771, line 289: b is not defined
JavaScript error: https://pos.baidu.com/sckm?conwid=962&conhei=52&rdid=4623747&dc=3&exps=110011&psi=6762eef04bbb5c476ec4074795135bf5&di=u4623747&dri=0&dis=0&dai=5&ps=5581x376&enu=encoding&ant=0&dcb=___adblockplus_&dtm=HTML_POST&dvi=0.0&dci=-1&dpt=none&tsr=0&tpr=1579077390485&ti=%E5%85%B3%E4%BA%8EYaml%E6%9B%B4%E6%96%B0%E5%B9%B6%E5%BC%83%E&ari=2&ver=0108&dbv=0&drs=1&pcs=993x435&pss=1260x8999&cfv=0&cpl=20&chi=6&cce=true&cec=UTF-8&tlm=1579077386&prot=2&rw=452&ltu=https%3A%2F%2Fblog.csdn.net%2Frp517045939%2Farticle%2Fdetails%2F88838417&ltr=https%3A%2F%2Fwww.google.com%2Furl%3Fsa%3Dt%26rct%3Dj%26q%3D%26esrc%3Ds%26source%3Dweb%26cd%3D3%26ved%3D2ahUKEwiuqrjRmYXnAhVPZt4KHU0aCdcQFjACegQICRAB%26url%3Dhttps%253A%252F%252Fblog.csdn.net%252Frp517045939%252Farticle%252Fdetails%252F88838417%26usg%3DAOvVaw3rMuSETB2fzA0weXJFNlGX&lcr=https%3A%2F%2Fwww.google.com%2Furl%3Fsa%3Dt%26rct%3Dj%26q%3D%26esrc%3Ds%26source%3Dweb%26cd%3D3%26ved%3D2ahUKEwiuqrjRmYXnAhVPZt4KHU0aCdcQFjACegQICRAB%26url%3Dhttps%253A%252F%252Fblog.csdn.net%252Frp517045939%252Farticle%252Fdetails%252F88838417%26usg%3DAOvVaw3rMuSETB2fzA0weXJFNlGX&ecd=1&uc=1366x728&pis=-1x-1&sr=1366x768&tcn=1579077390&qn=245ebb58052bd4cd&tt=1579077390479.12.3849.3850, line 289: b is not defined
JavaScript error: https://pos.baidu.com/sckm?conwid=900&conhei=90&rdid=3501897&dc=3&exps=110011&psi=6762eef04bbb5c476ec4074795135bf5&di=u3501897&dri=0&dis=0&dai=3&ps=1785x352&enu=encoding&ant=0&dcb=___adblockplus_&dtm=HTML_POST&dvi=0.0&dci=-1&dpt=none&tsr=0&tpr=1579077390485&ti=%E5%85%B3%E4%BA%8EYaml%E6%9B%B4%E6%96%B0%E5%B9%B6%E5%BC%83%E&ari=2&ver=0108&dbv=0&drs=1&pcs=993x435&pss=1260x8999&cfv=0&cpl=20&chi=6&cce=true&cec=UTF-8&tlm=1579077386&prot=2&rw=452&ltu=https%3A%2F%2Fblog.csdn.net%2Frp517045939%2Farticle%2Fdetails%2F88838417&ltr=https%3A%2F%2Fwww.google.com%2Furl%3Fsa%3Dt%26rct%3Dj%26q%3D%26esrc%3Ds%26source%3Dweb%26cd%3D3%26ved%3D2ahUKEwiuqrjRmYXnAhVPZt4KHU0aCdcQFjACegQICRAB%26url%3Dhttps%253A%252F%252Fblog.csdn.net%252Frp517045939%252Farticle%252Fdetails%252F88838417%26usg%3DAOvVaw3rMuSETB2fzA0weXJFNlGX&lcr=https%3A%2F%2Fwww.google.com%2Furl%3Fsa%3Dt%26rct%3Dj%26q%3D%26esrc%3Ds%26source%3Dweb%26cd%3D3%26ved%3D2ahUKEwiuqrjRmYXnAhVPZt4KHU0aCdcQFjACegQICRAB%26url%3Dhttps%253A%252F%252Fblog.csdn.net%252Frp517045939%252Farticle%252Fdetails%252F88838417%26usg%3DAOvVaw3rMuSETB2fzA0weXJFNlGX&ecd=1&uc=1366x728&pis=-1x-1&sr=1366x768&tcn=1579077390&qn=d5a21d3d00e0405d&tt=1579077390479.9.3837.3837, line 289: b is not defined
